<?xml version="1.0" encoding="UTF-8"?>
<testsuite name="UniqTest" tests="4" skipped="0" failures="0" errors="0" timestamp="2023-05-29T18:56:11" hostname="DESKTOP-M6FUG1G" time="0.058">
  <properties/>
  <testcase name="test1()" classname="UniqTest" time="0.042"/>
  <testcase name="test2()" classname="UniqTest" time="0.003"/>
  <testcase name="test3()" classname="UniqTest" time="0.002"/>
  <testcase name="test4()" classname="UniqTest" time="0.008"/>
  <system-out><![CDATA[]]></system-out>
  <system-err><![CDATA[]]></system-err>
</testsuite>
